::1 - - [04/Jan/2021:13:43:08 +0000] "GET /login/1/reservation/books HTTP/1.1" - - "-" "PostmanRuntime/7.26.8"
::1 - - [04/Jan/2021:13:43:10 +0000] "GET /login/1/reservation/books HTTP/1.1" - - "-" "PostmanRuntime/7.26.8"
::1 - - [04/Jan/2021:16:46:49 +0000] "GET /login/1/book/1buy HTTP/1.1" - - "-" "PostmanRuntime/7.26.8"
::1 - - [04/Jan/2021:16:47:16 +0000] "POST /login/1/book/1buy HTTP/1.1" - - "-" "PostmanRuntime/7.26.8"
::1 - - [04/Jan/2021:16:47:33 +0000] "POST /login/1/book/1/buy HTTP/1.1" - - "-" "PostmanRuntime/7.26.8"
::1 - - [04/Jan/2021:16:47:59 +0000] "POST /login/1/book/1/buy HTTP/1.1" - - "-" "PostmanRuntime/7.26.8"
::1 - - [04/Jan/2021:16:48:17 +0000] "POST /login/1/book/1/buy HTTP/1.1" - - "-" "PostmanRuntime/7.26.8"
::1 - - [04/Jan/2021:16:48:56 +0000] "POST /login/1/book/1/buy HTTP/1.1" - - "-" "PostmanRuntime/7.26.8"
::1 - - [04/Jan/2021:17:00:02 +0000] "POST /login/1/book/1/buy HTTP/1.1" - - "-" "PostmanRuntime/7.26.8"
::1 - - [04/Jan/2021:17:00:31 +0000] "POST /login/1/book/1/buy HTTP/1.1" - - "-" "PostmanRuntime/7.26.8"
::1 - - [04/Jan/2021:17:00:48 +0000] "POST /login/1/book/1/buy HTTP/1.1" - - "-" "PostmanRuntime/7.26.8"
::1 - - [04/Jan/2021:17:02:47 +0000] "POST /login/1/book/1/buy HTTP/1.1" - - "-" "PostmanRuntime/7.26.8"
::1 - - [04/Jan/2021:17:03:18 +0000] "POST /login/1/book/1/reservation HTTP/1.1" - - "-" "PostmanRuntime/7.26.8"
::1 - - [04/Jan/2021:17:03:31 +0000] "POST /login/1/book/1/reservation/buy HTTP/1.1" - - "-" "PostmanRuntime/7.26.8"
::1 - - [04/Jan/2021:17:04:47 +0000] "POST /login/1/book/1/reservation HTTP/1.1" - - "-" "PostmanRuntime/7.26.8"
::1 - - [04/Jan/2021:17:05:05 +0000] "POST /login/1/book/1/reservation/buy HTTP/1.1" - - "-" "PostmanRuntime/7.26.8"
::1 - - [04/Jan/2021:17:06:24 +0000] "POST /login/1/book/1/reservation HTTP/1.1" - - "-" "PostmanRuntime/7.26.8"
::1 - - [04/Jan/2021:17:06:29 +0000] "POST /login/1/book/1/reservation/buy HTTP/1.1" - - "-" "PostmanRuntime/7.26.8"
::1 - - [04/Jan/2021:17:07:10 +0000] "POST /login/1/book/1/reservation/buy HTTP/1.1" - - "-" "PostmanRuntime/7.26.8"
::1 - - [04/Jan/2021:17:07:38 +0000] "POST /login/1/book/1/reservation/buy HTTP/1.1" - - "-" "PostmanRuntime/7.26.8"
::1 - - [04/Jan/2021:17:07:51 +0000] "POST /login/1/book/1/reservation/buy HTTP/1.1" - - "-" "PostmanRuntime/7.26.8"
::1 - - [04/Jan/2021:17:10:14 +0000] "POST /login/1/book/1/buy HTTP/1.1" - - "-" "PostmanRuntime/7.26.8"
::1 - - [04/Jan/2021:17:14:20 +0000] "POST /login/1/book/1/reservation HTTP/1.1" - - "-" "PostmanRuntime/7.26.8"
::1 - - [04/Jan/2021:17:14:28 +0000] "POST /login/1/book/1/reservation/buy HTTP/1.1" - - "-" "PostmanRuntime/7.26.8"
::1 - - [04/Jan/2021:17:17:44 +0000] "POST /login/1/book/1/reservation/buy HTTP/1.1" - - "-" "PostmanRuntime/7.26.8"
